<?xml version="1.0" encoding="UTF-8"?>
<!-- Generated by org.testng.reporters.JUnitXMLReporter -->
<testsuite ignored="0" hostname="LAPTOP-4H0O299B" failures="0" tests="10" name="Test" time="244.028" errors="0" timestamp="30 Jun 2021 15:00:46 GMT">
  <testcase classname="com.flipcart.qa.testcases.LoginPageTest" name="loginTest" time="0.49"/>
  <testcase classname="com.flipcart.qa.testcases.HomePageTest" name="verifyPageTitleTest" time="5.07"/>
  <testcase classname="com.flipcart.qa.testcases.ProductPageTest" name="veifyUserNameTest" time="5.156"/>
  <testcase classname="com.flipcart.qa.testcases.PaymentPageTest" name="verifyPageIconTest" time="5.889"/>
  <testcase classname="com.flipcart.qa.testcases.HomePageTest" name="veifyUserNameTest" time="2.494"/>
  <testcase classname="com.flipcart.qa.testcases.ProductPageTest" name="verifyProductNameTest" time="5.107"/>
  <testcase classname="com.flipcart.qa.testcases.PaymentPageTest" name="payment" time="11.446"/>
  <testcase classname="com.flipcart.qa.testcases.HomePageTest" name="searchProductStep" time="10.974"/>
  <testcase classname="com.flipcart.qa.testcases.ProductPageTest" name="verifyProductPrice" time="5.059"/>
  <testcase classname="com.flipcart.qa.testcases.ProductPageTest" name="productBuyNow" time="10.214"/>
</testsuite> <!-- Test -->
