<?xml version="1.0" encoding="UTF-8"?>
<testng-results ignored="0" total="10" passed="10" failed="0" skipped="0">
  <reporter-output>
  </reporter-output>
  <suite started-at="2021-06-30T14:56:42Z" name="Suite" finished-at="2021-06-30T15:00:46Z" duration-ms="244028">
    <groups>
    </groups>
    <test started-at="2021-06-30T14:56:42Z" name="Test" finished-at="2021-06-30T15:00:46Z" duration-ms="244028">
      <class name="com.flipcart.qa.testcases.LoginPageTest">
        <test-method is-config="true" signature="setUp()[pri:0, instance:com.flipcart.qa.testcases.LoginPageTest@5669c5fb]" started-at="2021-06-30T20:26:42Z" name="setUp" finished-at="2021-06-30T20:26:48Z" duration-ms="5906" status="PASS">
          <reporter-output>
          </reporter-output>
        </test-method> <!-- setUp -->
        <test-method signature="loginTest()[pri:0, instance:com.flipcart.qa.testcases.LoginPageTest@5669c5fb]" started-at="2021-06-30T20:26:48Z" name="loginTest" finished-at="2021-06-30T20:26:48Z" duration-ms="490" status="PASS">
          <reporter-output>
          </reporter-output>
        </test-method> <!-- loginTest -->
        <test-method is-config="true" signature="tearDown()[pri:0, instance:com.flipcart.qa.testcases.LoginPageTest@5669c5fb]" started-at="2021-06-30T20:26:50Z" name="tearDown" finished-at="2021-06-30T20:26:51Z" duration-ms="825" status="PASS">
          <reporter-output>
          </reporter-output>
        </test-method> <!-- tearDown -->
      </class> <!-- com.flipcart.qa.testcases.LoginPageTest -->
      <class name="com.flipcart.qa.testcases.PaymentPageTest">
        <test-method is-config="true" signature="setUp()[pri:0, instance:com.flipcart.qa.testcases.PaymentPageTest@c4ed84]" started-at="2021-06-30T20:27:29Z" name="setUp" finished-at="2021-06-30T20:27:54Z" duration-ms="24645" status="PASS">
          <reporter-output>
          </reporter-output>
        </test-method> <!-- setUp -->
        <test-method signature="verifyPageIconTest()[pri:1, instance:com.flipcart.qa.testcases.PaymentPageTest@c4ed84]" started-at="2021-06-30T20:27:54Z" name="verifyPageIconTest" finished-at="2021-06-30T20:27:59Z" duration-ms="5889" status="PASS">
          <reporter-output>
          </reporter-output>
        </test-method> <!-- verifyPageIconTest -->
        <test-method is-config="true" signature="tearDown()[pri:0, instance:com.flipcart.qa.testcases.PaymentPageTest@c4ed84]" started-at="2021-06-30T20:28:00Z" name="tearDown" finished-at="2021-06-30T20:28:01Z" duration-ms="940" status="PASS">
          <reporter-output>
          </reporter-output>
        </test-method> <!-- tearDown -->
        <test-method is-config="true" signature="setUp()[pri:0, instance:com.flipcart.qa.testcases.PaymentPageTest@c4ed84]" started-at="2021-06-30T20:28:40Z" name="setUp" finished-at="2021-06-30T20:29:04Z" duration-ms="24172" status="PASS">
          <reporter-output>
          </reporter-output>
        </test-method> <!-- setUp -->
        <test-method signature="payment()[pri:2, instance:com.flipcart.qa.testcases.PaymentPageTest@c4ed84]" started-at="2021-06-30T20:29:04Z" name="payment" finished-at="2021-06-30T20:29:16Z" duration-ms="11446" status="PASS">
          <reporter-output>
          </reporter-output>
        </test-method> <!-- payment -->
        <test-method is-config="true" signature="tearDown()[pri:0, instance:com.flipcart.qa.testcases.PaymentPageTest@c4ed84]" started-at="2021-06-30T20:29:16Z" name="tearDown" finished-at="2021-06-30T20:29:17Z" duration-ms="899" status="PASS">
          <reporter-output>
          </reporter-output>
        </test-method> <!-- tearDown -->
      </class> <!-- com.flipcart.qa.testcases.PaymentPageTest -->
      <class name="com.flipcart.qa.testcases.HomePageTest">
        <test-method is-config="true" signature="setUp()[pri:0, instance:com.flipcart.qa.testcases.HomePageTest@373ebf74]" started-at="2021-06-30T20:26:51Z" name="setUp" finished-at="2021-06-30T20:26:57Z" duration-ms="6258" status="PASS">
          <reporter-output>
          </reporter-output>
        </test-method> <!-- setUp -->
        <test-method signature="verifyPageTitleTest()[pri:1, instance:com.flipcart.qa.testcases.HomePageTest@373ebf74]" started-at="2021-06-30T20:26:57Z" name="verifyPageTitleTest" finished-at="2021-06-30T20:27:02Z" duration-ms="5070" status="PASS">
          <reporter-output>
          </reporter-output>
        </test-method> <!-- verifyPageTitleTest -->
        <test-method is-config="true" signature="tearDown()[pri:0, instance:com.flipcart.qa.testcases.HomePageTest@373ebf74]" started-at="2021-06-30T20:27:03Z" name="tearDown" finished-at="2021-06-30T20:27:04Z" duration-ms="729" status="PASS">
          <reporter-output>
          </reporter-output>
        </test-method> <!-- tearDown -->
        <test-method is-config="true" signature="setUp()[pri:0, instance:com.flipcart.qa.testcases.HomePageTest@373ebf74]" started-at="2021-06-30T20:28:01Z" name="setUp" finished-at="2021-06-30T20:28:10Z" duration-ms="8716" status="PASS">
          <reporter-output>
          </reporter-output>
        </test-method> <!-- setUp -->
        <test-method signature="veifyUserNameTest()[pri:2, instance:com.flipcart.qa.testcases.HomePageTest@373ebf74]" started-at="2021-06-30T20:28:10Z" name="veifyUserNameTest" finished-at="2021-06-30T20:28:12Z" duration-ms="2494" status="PASS">
          <reporter-output>
          </reporter-output>
        </test-method> <!-- veifyUserNameTest -->
        <test-method is-config="true" signature="tearDown()[pri:0, instance:com.flipcart.qa.testcases.HomePageTest@373ebf74]" started-at="2021-06-30T20:28:14Z" name="tearDown" finished-at="2021-06-30T20:28:14Z" duration-ms="859" status="PASS">
          <reporter-output>
          </reporter-output>
        </test-method> <!-- tearDown -->
        <test-method is-config="true" signature="setUp()[pri:0, instance:com.flipcart.qa.testcases.HomePageTest@373ebf74]" started-at="2021-06-30T20:29:17Z" name="setUp" finished-at="2021-06-30T20:29:26Z" duration-ms="8843" status="PASS">
          <reporter-output>
          </reporter-output>
        </test-method> <!-- setUp -->
        <test-method signature="searchProductStep()[pri:3, instance:com.flipcart.qa.testcases.HomePageTest@373ebf74]" started-at="2021-06-30T20:29:26Z" name="searchProductStep" finished-at="2021-06-30T20:29:37Z" duration-ms="10974" status="PASS">
          <reporter-output>
          </reporter-output>
        </test-method> <!-- searchProductStep -->
        <test-method is-config="true" signature="tearDown()[pri:0, instance:com.flipcart.qa.testcases.HomePageTest@373ebf74]" started-at="2021-06-30T20:29:40Z" name="tearDown" finished-at="2021-06-30T20:29:41Z" duration-ms="866" status="PASS">
          <reporter-output>
          </reporter-output>
        </test-method> <!-- tearDown -->
      </class> <!-- com.flipcart.qa.testcases.HomePageTest -->
      <class name="com.flipcart.qa.testcases.ProductPageTest">
        <test-method is-config="true" signature="setUp()[pri:0, instance:com.flipcart.qa.testcases.ProductPageTest@5f9678e1]" started-at="2021-06-30T20:27:04Z" name="setUp" finished-at="2021-06-30T20:27:22Z" duration-ms="18679" status="PASS">
          <reporter-output>
          </reporter-output>
        </test-method> <!-- setUp -->
        <test-method signature="veifyUserNameTest()[pri:1, instance:com.flipcart.qa.testcases.ProductPageTest@5f9678e1]" started-at="2021-06-30T20:27:22Z" name="veifyUserNameTest" finished-at="2021-06-30T20:27:27Z" duration-ms="5156" status="PASS">
          <reporter-output>
          </reporter-output>
        </test-method> <!-- veifyUserNameTest -->
        <test-method is-config="true" signature="tearDown()[pri:0, instance:com.flipcart.qa.testcases.ProductPageTest@5f9678e1]" started-at="2021-06-30T20:27:28Z" name="tearDown" finished-at="2021-06-30T20:27:29Z" duration-ms="959" status="PASS">
          <reporter-output>
          </reporter-output>
        </test-method> <!-- tearDown -->
        <test-method is-config="true" signature="setUp()[pri:0, instance:com.flipcart.qa.testcases.ProductPageTest@5f9678e1]" started-at="2021-06-30T20:28:14Z" name="setUp" finished-at="2021-06-30T20:28:34Z" duration-ms="19259" status="PASS">
          <reporter-output>
          </reporter-output>
        </test-method> <!-- setUp -->
        <test-method signature="verifyProductNameTest()[pri:2, instance:com.flipcart.qa.testcases.ProductPageTest@5f9678e1]" started-at="2021-06-30T20:28:34Z" name="verifyProductNameTest" finished-at="2021-06-30T20:28:39Z" duration-ms="5107" status="PASS">
          <reporter-output>
          </reporter-output>
        </test-method> <!-- verifyProductNameTest -->
        <test-method is-config="true" signature="tearDown()[pri:0, instance:com.flipcart.qa.testcases.ProductPageTest@5f9678e1]" started-at="2021-06-30T20:28:39Z" name="tearDown" finished-at="2021-06-30T20:28:40Z" duration-ms="873" status="PASS">
          <reporter-output>
          </reporter-output>
        </test-method> <!-- tearDown -->
        <test-method is-config="true" signature="setUp()[pri:0, instance:com.flipcart.qa.testcases.ProductPageTest@5f9678e1]" started-at="2021-06-30T20:29:41Z" name="setUp" finished-at="2021-06-30T20:30:09Z" duration-ms="28693" status="PASS">
          <reporter-output>
          </reporter-output>
        </test-method> <!-- setUp -->
        <test-method signature="verifyProductPrice()[pri:3, instance:com.flipcart.qa.testcases.ProductPageTest@5f9678e1]" started-at="2021-06-30T20:30:09Z" name="verifyProductPrice" finished-at="2021-06-30T20:30:14Z" duration-ms="5059" status="PASS">
          <reporter-output>
          </reporter-output>
        </test-method> <!-- verifyProductPrice -->
        <test-method is-config="true" signature="tearDown()[pri:0, instance:com.flipcart.qa.testcases.ProductPageTest@5f9678e1]" started-at="2021-06-30T20:30:15Z" name="tearDown" finished-at="2021-06-30T20:30:16Z" duration-ms="867" status="PASS">
          <reporter-output>
          </reporter-output>
        </test-method> <!-- tearDown -->
        <test-method is-config="true" signature="setUp()[pri:0, instance:com.flipcart.qa.testcases.ProductPageTest@5f9678e1]" started-at="2021-06-30T20:30:16Z" name="setUp" finished-at="2021-06-30T20:30:35Z" duration-ms="18879" status="PASS">
          <reporter-output>
          </reporter-output>
        </test-method> <!-- setUp -->
        <test-method signature="productBuyNow()[pri:4, instance:com.flipcart.qa.testcases.ProductPageTest@5f9678e1]" started-at="2021-06-30T20:30:35Z" name="productBuyNow" finished-at="2021-06-30T20:30:45Z" duration-ms="10214" status="PASS">
          <reporter-output>
          </reporter-output>
        </test-method> <!-- productBuyNow -->
        <test-method is-config="true" signature="tearDown()[pri:0, instance:com.flipcart.qa.testcases.ProductPageTest@5f9678e1]" started-at="2021-06-30T20:30:45Z" name="tearDown" finished-at="2021-06-30T20:30:46Z" duration-ms="675" status="PASS">
          <reporter-output>
          </reporter-output>
        </test-method> <!-- tearDown -->
      </class> <!-- com.flipcart.qa.testcases.ProductPageTest -->
    </test> <!-- Test -->
  </suite> <!-- Suite -->
</testng-results>
